<?xml version="1.0" encoding="UTF-8"?>
<!-- Generated by org.testng.reporters.JUnitReportReporter -->
<testsuite hostname="DESKTOP-TK7LFTI" failures="0" tests="2" name="lights.dev.BasicIT" time="5.670" errors="0" timestamp="2020-01-13T13:03:07 ART" skipped="0">
  <testcase classname="lights.dev.BasicIT" name="googleCheeseExample" time="5.186"/>
  <testcase classname="lights.dev.BasicIT" name="googleMilkExample" time="0.484"/>
</testsuite> <!-- lights.dev.BasicIT -->
