<?xml version="1.0" encoding="UTF-8"?>
<!-- Generated by org.testng.reporters.JUnitReportReporter -->
<testsuite hostname="DESKTOP-TK7LFTI" failures="0" tests="2" name="lights.dev.BasicIT" time="5.730" errors="0" timestamp="2020-01-14T15:46:31 ART" skipped="0">
  <testcase classname="lights.dev.BasicIT" name="googleCheeseExample" time="5.060"/>
  <testcase classname="lights.dev.BasicIT" name="googleMilkExample" time="0.670"/>
</testsuite> <!-- lights.dev.BasicIT -->
